[19:36:31.582][CONSTRUCT][CLIENT][INFO] Starting building internal Registries
[19:36:32.283][CONSTRUCT][CLIENT][INFO] The following mods have explicit CraftTweaker support:
'aquaculture' at version '1.16.5-2.1.23'
'contenttweaker' at version '1.0.0.develop.36'
'crafttweaker' at version '7.1.2.519'
'jeitweaker' at version '1.1.0.49'
[19:36:32.638][CONSTRUCT][CLIENT][INFO] Completed building internal Registries
[19:36:36.128][LOAD_REGISTRIES][CLIENT][INFO] Started loading Scripts for Loader 'contenttweaker'!
[19:36:36.699][LOAD_REGISTRIES][CLIENT][INFO] Finished loading Scripts!
[19:36:36.702][LOAD_REGISTRIES][CLIENT][INFO] Could not find resource loader mod, no resource pack will be generated!
[19:36:36.703][LOAD_REGISTRIES][CLIENT][INFO] Could not find resource loader mod, no data pack will be generated!
[19:36:39.218][COMMON_SETUP][CLIENT][INFO] Started loading Scripts for Loader 'setupCommon'!
[19:36:39.298][COMMON_SETUP][CLIENT][INFO] Finished loading Scripts!
[19:37:03.810][DONE][CLIENT][INFO] Started loading Scripts for Loader 'crafttweaker'!
[19:37:03.855][DONE][CLIENT][INFO] Loading file: 'scripts.zs' with priority: 10
[19:37:03.869][DONE][CLIENT][INFO] Removing all recipes from modId "aquaculture"
[19:37:03.871][DONE][CLIENT][INFO] Removed 54 recipes registered in these 5 recipe managers: [<recipetype:minecraft:blasting>: 4, <recipetype:minecraft:campfire_cooking>: 2, <recipetype:minecraft:crafting>: 40, <recipetype:minecraft:smelting>: 6, <recipetype:minecraft:smoking>: 2]
[19:37:03.871][DONE][CLIENT][INFO] Finished loading Scripts!
[19:37:03.872][DONE][CLIENT][INFO] This reload was made possible by Ncc1702 and more! Become a patron at https://patreon.com/jaredlll08?s=crtmod
[19:37:06.740][DONE][CLIENT][INFO] Started loading Scripts for Loader 'crafttweaker'!
[19:37:06.777][DONE][CLIENT][INFO] Loading file: 'scripts.zs' with priority: 10
[19:37:06.782][DONE][CLIENT][INFO] Removing all recipes from modId "aquaculture"
[19:37:06.783][DONE][CLIENT][INFO] Removed 54 recipes registered in these 5 recipe managers: [<recipetype:minecraft:blasting>: 4, <recipetype:minecraft:campfire_cooking>: 2, <recipetype:minecraft:crafting>: 40, <recipetype:minecraft:smelting>: 6, <recipetype:minecraft:smoking>: 2]
[19:37:06.783][DONE][CLIENT][INFO] Finished loading Scripts!
[19:37:06.784][DONE][CLIENT][INFO] This reload was made possible by NickT and more! Become a patron at https://patreon.com/jaredlll08?s=crtmod
[19:37:21.016][DONE][CLIENT][INFO] Started loading Scripts for Loader 'crafttweaker'!
[19:37:21.063][DONE][CLIENT][INFO] Loading file: 'scripts.zs' with priority: 10
[19:37:21.070][DONE][CLIENT][INFO] Finished loading Scripts!
