[15:39:53] [Render thread/INFO] ========================================
[15:39:53] [Render thread/INFO] Minecraft: 1.20.1
[15:39:53] [Render thread/INFO] Side: client
[15:39:53] [Render thread/INFO] Development: false
[15:39:53] [Render thread/INFO] Version: 12.1.718
[15:39:53] [Render thread/INFO] Loader:
[15:39:53] [Render thread/INFO] - Fabric: 0.15.7
[15:39:53] [Render thread/INFO] - Fabric API: 0.92.1+1.20.1
[15:39:53] [Render thread/INFO] Dependencies:
[15:39:53] [Render thread/INFO] - Cloth Config: 11.1.106
[15:39:53] [Render thread/INFO] - Architectury: 9.1.12
[15:39:53] [Render thread/INFO] Mixin: 0.8.5
[15:39:53] [Render thread/INFO] OS: Windows 10 10.0 (amd64)
[15:39:53] [Render thread/INFO] Java: 17.0.8 (Microsoft)
[15:39:53] [Render thread/INFO] ========================================
[15:39:53] [Render thread/INFO] Mods:
[15:39:53] [Render thread/INFO] - accurateblockplacement: 1.2
[15:39:53] [Render thread/INFO] - actually-camel: 1.0-SNAPSHOT
[15:39:53] [Render thread/INFO] - advanced_runtime_resource_pack: 0.6.7
[15:39:53] [Render thread/INFO] - advancementplaques: 1.4.11
[15:39:53] [Render thread/INFO] - ambientsounds: 5.3.0
[15:39:53] [Render thread/INFO] - animal_feeding_trough: 1.0.3+1.20.1
[15:39:53] [Render thread/INFO] - animatica: 0.6+1.20
[15:39:53] [Render thread/INFO] - another_furniture: 1.20.1-3.0.1
[15:39:53] [Render thread/INFO] - antique-atlas: 1.1.4+1.20
[15:39:53] [Render thread/INFO] - appleskin: 2.5.1+mc1.20
[15:39:53] [Render thread/INFO] - architectury: 9.1.12
[15:39:53] [Render thread/INFO] - armorchroma: 1.2.6
[15:39:53] [Render thread/INFO] - armourweight: 1.6
[15:39:53] [Render thread/INFO] - automobility: 0.4.2+1.20.1-fabric
[15:39:53] [Render thread/INFO] - auudio: 1.0.3
[15:39:53] [Render thread/INFO] - backported_wolves: 1.1.0-1.19.3-1.20.4
[15:39:53] [Render thread/INFO] - balm-fabric: 7.1.4
[15:39:53] [Render thread/INFO] - bclib: 3.0.14
[15:39:53] [Render thread/INFO] - beachparty: 1.1.4
[15:39:53] [Render thread/INFO] - beautify: 1.1.0+1.20
[15:39:53] [Render thread/INFO] - bedrockwaters: 1.7.7+1.20.1
[15:39:53] [Render thread/INFO] - bendy-lib: 4.0.0
[15:39:53] [Render thread/INFO] - bestylewither: 1.6.0
[15:39:53] [Render thread/INFO] - betterbeds: 1.3.0
[15:39:53] [Render thread/INFO] - bettercombat: 1.8.2+1.20.1
[15:39:53] [Render thread/INFO] - betterend: 4.0.11
[15:39:53] [Render thread/INFO] - betterfortresses: 1.20-Fabric-2.0.5
[15:39:53] [Render thread/INFO] - betterjungletemples: 1.20-Fabric-2.0.4
[15:39:53] [Render thread/INFO] - betterladdersmod: 0.0.2.1.20.1
[15:39:53] [Render thread/INFO] - bettermineshafts: 1.20-Fabric-4.0.4
[15:39:53] [Render thread/INFO] - bettermounthud: 1.2.2
[15:39:53] [Render thread/INFO] - betternether: 9.0.10
[15:39:53] [Render thread/INFO] - betteroceanmonuments: 1.20-Fabric-3.0.3
[15:39:53] [Render thread/INFO] - betterthirdperson: 1.9.0
[15:39:53] [Render thread/INFO] - betterwitchhuts: 1.20-Fabric-3.0.3
[15:39:53] [Render thread/INFO] - biolith: 1.0.0-alpha.8
[15:39:53] [Render thread/INFO] - blocky-bubbles: 1.0.0+1.20.1
[15:39:53] [Render thread/INFO] - blue_endless_jankson: 1.2.3
[15:39:53] [Render thread/INFO] - bookshelf: 20.1.6
[15:39:53] [Render thread/INFO] - bounced: 3.1.1
[15:39:53] [Render thread/INFO] - bountiful: 6.0.3+1.20.1
[15:39:53] [Render thread/INFO] - brb: 1.8.2
[15:39:53] [Render thread/INFO] - brokenleadwarner: 1.1.0+1.20.x
[15:39:53] [Render thread/INFO] - bsvsb: 3.0.3
[15:39:53] [Render thread/INFO] - bugjump: 1.2.0-1.20.1
[15:39:53] [Render thread/INFO] - cactusconfig: 2.1.1+knot+1.20.1
[15:39:53] [Render thread/INFO] - caffeineconfig: 1.3.0+1.17
[15:39:53] [Render thread/INFO] - cakechomps: 6.1.0+1.20.1
[15:39:53] [Render thread/INFO] - calmdowndog: 1.1.0
[15:39:53] [Render thread/INFO] - candlelight: 1.2.11
[15:39:53] [Render thread/INFO] - cardinal-components-base: 5.2.2
[15:39:53] [Render thread/INFO] - cardinal-components-block: 5.2.2
[15:39:53] [Render thread/INFO] - cardinal-components-chunk: 5.2.2
[15:39:53] [Render thread/INFO] - cardinal-components-entity: 5.2.2
[15:39:53] [Render thread/INFO] - cardinal-components-world: 5.2.2
[15:39:53] [Render thread/INFO] - carpeted: 1.20-1.4
[15:39:53] [Render thread/INFO] - carrotconfig: 1.0.3+1.20.1
[15:39:53] [Render thread/INFO] - cauldronlib: 1.2.2
[15:39:53] [Render thread/INFO] - charge_jump: 1.1
[15:39:53] [Render thread/INFO] - chat_heads: 0.10.26
[15:39:53] [Render thread/INFO] - chicken_nerf: 1.0.18
[15:39:53] [Render thread/INFO] - chickensshed: 1.5.0+1.20.1
[15:39:53] [Render thread/INFO] - chunky: 1.3.138
[15:39:53] [Render thread/INFO] - cicada: 0.4.4
[15:39:53] [Render thread/INFO] - citresewn: 1.1.3+1.20
[15:39:53] [Render thread/INFO] - citresewn-defaults: 1.1.3+1.20
[15:39:53] [Render thread/INFO] - cleardespawn: 1.1.13
[15:39:53] [Render thread/INFO] - cloth-basic-math: 0.6.1
[15:39:53] [Render thread/INFO] - cloth-config: 11.1.106
[15:39:53] [Render thread/INFO] - cloth-config: 11.1.106
[15:39:53] [Render thread/INFO] - coalexplosion: 1.9.0
[15:39:53] [Render thread/INFO] - collective: 7.22
[15:39:53] [Render thread/INFO] - com_electronwill_night-config_core: 3.6.6
[15:39:53] [Render thread/INFO] - com_electronwill_night-config_toml: 3.6.6
[15:39:53] [Render thread/INFO] - com_eliotlash_mclib_mclib: 20
[15:39:53] [Render thread/INFO] - com_teamresourceful_yabn: 1.0.3
[15:39:53] [Render thread/INFO] - com_twelvemonkeys_common_common-image: 3.10.0-SNAPSHOT
[15:39:53] [Render thread/INFO] - com_twelvemonkeys_common_common-io: 3.10.0-SNAPSHOT
[15:39:53] [Render thread/INFO] - com_twelvemonkeys_common_common-lang: 3.10.0-SNAPSHOT
[15:39:53] [Render thread/INFO] - com_twelvemonkeys_imageio_imageio-core: 3.10.0-SNAPSHOT
[15:39:53] [Render thread/INFO] - com_twelvemonkeys_imageio_imageio-metadata: 3.10.0-SNAPSHOT
[15:39:53] [Render thread/INFO] - com_twelvemonkeys_imageio_imageio-webp: 3.10.0-SNAPSHOT
[15:39:53] [Render thread/INFO] - com_velocitypowered_velocity-native: 3.2.0-SNAPSHOT
[15:39:53] [Render thread/INFO] - combatroll: 1.3.1+1.20.1
[15:39:53] [Render thread/INFO] - comforts: 6.3.5+1.20.1
[15:39:53] [Render thread/INFO] - companion: 5.1.0
[15:39:53] [Render thread/INFO] - completeconfig: 2.5.0
[15:39:53] [Render thread/INFO] - completeconfig-base: 2.5.0
[15:39:53] [Render thread/INFO] - completeconfig-gui-cloth: 2.5.0
[15:39:53] [Render thread/INFO] - completeconfig-gui-yacl: 2.5.0
[15:39:53] [Render thread/INFO] - conditional-mixin: 0.3.2
[15:39:53] [Render thread/INFO] - continuity: 3.0.0-beta.4+1.20.1
[15:39:53] [Render thread/INFO] - copper_golem: 1.7.0
[15:39:53] [Render thread/INFO] - cpm: 0.6.13a
[15:39:53] [Render thread/INFO] - cpmsvcc: 1.2.0
[15:39:53] [Render thread/INFO] - creativecore: 2.11.9
[15:39:53] [Render thread/INFO] - cristellib: 1.1.5
[15:39:53] [Render thread/INFO] - crops_love_rain: 1.4.0
[15:39:53] [Render thread/INFO] - crowdin-translate: 1.4+1.19.3
[15:39:53] [Render thread/INFO] - cryingghasts: 3.2
[15:39:53] [Render thread/INFO] - cryingportals: 2.4
[15:39:53] [Render thread/INFO] - damagevignette: 2.0.2
[15:39:53] [Render thread/INFO] - dawn: 5.0.0
[15:39:53] [Render thread/INFO] - deathfinder: 8.0.1
[15:39:53] [Render thread/INFO] - deathparticle: 1.0.0
[15:39:53] [Render thread/INFO] - defaultoptions: 18.0.1
[15:39:53] [Render thread/INFO] - diagonalblocks: 8.0.5
[15:39:53] [Render thread/INFO] - diagonalfences: 8.1.2
[15:39:53] [Render thread/INFO] - diagonalwalls: 8.0.3
[15:39:53] [Render thread/INFO] - diagonalwindows: 8.1.2
[15:39:53] [Render thread/INFO] - ding: 1.4.1
[15:39:53] [Render thread/INFO] - disable_custom_worlds_advice: 4.1
[15:39:53] [Render thread/INFO] - distractingtrims: 2.0.3
[15:39:53] [Render thread/INFO] - do_a_barrel_roll: 3.3.5+1.20
[15:39:53] [Render thread/INFO] - doapi: 1.2.9
[15:39:53] [Render thread/INFO] - draggable_lists: 1.0.1
[15:39:53] [Render thread/INFO] - dynamic_fps: 3.2.1
[15:39:53] [Render thread/INFO] - dynamiccrosshair: 7.4.1+1.20
[15:39:53] [Render thread/INFO] - dynamiccrosshaircompat: 3.5+1.20.1
[15:39:53] [Render thread/INFO] - dynamite: 1.0.0
[15:39:53] [Render thread/INFO] - easyelytratakeoff: 4.1
[15:39:53] [Render thread/INFO] - eatinganimationid: 1.20+1.9.61
[15:39:53] [Render thread/INFO] - elytra_physics: 2.0
[15:39:53] [Render thread/INFO] - elytra_trinket: 1.0.3
[15:39:53] [Render thread/INFO] - enchdesc: 17.0.8
[15:39:53] [Render thread/INFO] - enhancedblockentities: 0.9+1.20
[15:39:53] [Render thread/INFO] - entity_model_features: 1.3
[15:39:53] [Render thread/INFO] - entity_texture_features: 5.2.3
[15:39:53] [Render thread/INFO] - entityculling: 1.6.2-mc1.20.1
[15:39:53] [Render thread/INFO] - error_notifier: 1.0.9
[15:39:53] [Render thread/INFO] - eugenes_guan_dao: 1.2.2
[15:39:53] [Render thread/INFO] - eugenes_horse_whistle: 1.1.0
[15:39:53] [Render thread/INFO] - eugenes_lance: 1.2.2
[15:39:53] [Render thread/INFO] - eugenes_tents: 0.2.1
[15:39:53] [Render thread/INFO] - expanded_axe_enchanting: 1.0.7
[15:39:53] [Render thread/INFO] - expanded_bow_enchanting: 1.0.0
[15:39:53] [Render thread/INFO] - experienced_crops: 1.20.1-1.1.0
[15:39:53] [Render thread/INFO] - explosiveenhancement: 1.2.2-1.20.x
[15:39:53] [Render thread/INFO] - extra_details: 0.3.1-beta
[15:39:53] [Render thread/INFO] - ezbowls: 0.1.0
[15:39:53] [Render thread/INFO] - f3teverywhere: 1.0.1
[15:39:53] [Render thread/INFO] - fabric-api: 0.92.1+1.20.1
[15:39:53] [Render thread/INFO] - fabric-api: 0.92.1+1.20.1
[15:39:53] [Render thread/INFO] - fabric-api-base: 0.4.31+1802ada577
[15:39:53] [Render thread/INFO] - fabric-api-lookup-api-v1: 1.6.36+1802ada577
[15:39:53] [Render thread/INFO] - fabric-biome-api-v1: 13.0.13+1802ada577
[15:39:53] [Render thread/INFO] - fabric-block-api-v1: 1.0.11+1802ada577
[15:39:53] [Render thread/INFO] - fabric-block-view-api-v2: 1.0.1+1802ada577
[15:39:53] [Render thread/INFO] - fabric-blockrenderlayer-v1: 1.1.41+1802ada577
[15:39:53] [Render thread/INFO] - fabric-client-tags-api-v1: 1.1.2+1802ada577
[15:39:53] [Render thread/INFO] - fabric-command-api-v1: 1.2.34+f71b366f77
[15:39:53] [Render thread/INFO] - fabric-command-api-v2: 2.2.13+1802ada577
[15:39:53] [Render thread/INFO] - fabric-commands-v0: 0.2.51+df3654b377
[15:39:53] [Render thread/INFO] - fabric-containers-v0: 0.1.64+df3654b377
[15:39:53] [Render thread/INFO] - fabric-content-registries-v0: 4.0.11+1802ada577
[15:39:53] [Render thread/INFO] - fabric-convention-tags-v1: 1.5.5+1802ada577
[15:39:53] [Render thread/INFO] - fabric-crash-report-info-v1: 0.2.19+1802ada577
[15:39:53] [Render thread/INFO] - fabric-data-attachment-api-v1: 1.0.0+de0fd6d177
[15:39:53] [Render thread/INFO] - fabric-data-generation-api-v1: 12.3.4+1802ada577
[15:39:53] [Render thread/INFO] - fabric-dimensions-v1: 2.1.54+1802ada577
[15:39:53] [Render thread/INFO] - fabric-entity-events-v1: 1.6.0+1c78457f77
[15:39:53] [Render thread/INFO] - fabric-events-interaction-v0: 0.6.2+1802ada577
[15:39:53] [Render thread/INFO] - fabric-events-lifecycle-v0: 0.2.63+df3654b377
[15:39:53] [Render thread/INFO] - fabric-game-rule-api-v1: 1.0.40+1802ada577
[15:39:53] [Render thread/INFO] - fabric-item-api-v1: 2.1.28+1802ada577
[15:39:53] [Render thread/INFO] - fabric-item-group-api-v1: 4.0.12+1802ada577
[15:39:53] [Render thread/INFO] - fabric-key-binding-api-v1: 1.0.37+1802ada577
[15:39:53] [Render thread/INFO] - fabric-keybindings-v0: 0.2.35+df3654b377
[15:39:53] [Render thread/INFO] - fabric-language-kotlin: 1.10.13+kotlin.1.9.20
[15:39:53] [Render thread/INFO] - fabric-lifecycle-events-v1: 2.2.22+1802ada577
[15:39:53] [Render thread/INFO] - fabric-loot-api-v2: 1.2.1+1802ada577
[15:39:53] [Render thread/INFO] - fabric-loot-tables-v1: 1.1.45+9e7660c677
[15:39:53] [Render thread/INFO] - fabric-message-api-v1: 5.1.9+1802ada577
[15:39:53] [Render thread/INFO] - fabric-mining-level-api-v1: 2.1.50+1802ada577
[15:39:53] [Render thread/INFO] - fabric-model-loading-api-v1: 1.0.3+1802ada577
[15:39:53] [Render thread/INFO] - fabric-models-v0: 0.4.2+9386d8a777
[15:39:53] [Render thread/INFO] - fabric-networking-api-v1: 1.3.11+1802ada577
[15:39:53] [Render thread/INFO] - fabric-networking-v0: 0.3.51+df3654b377
[15:39:53] [Render thread/INFO] - fabric-object-builder-api-v1: 11.1.3+1802ada577
[15:39:53] [Render thread/INFO] - fabric-particles-v1: 1.1.2+1802ada577
[15:39:53] [Render thread/INFO] - fabric-permissions-api-v0: 0.2-SNAPSHOT
[15:39:53] [Render thread/INFO] - fabric-recipe-api-v1: 1.0.21+1802ada577
[15:39:53] [Render thread/INFO] - fabric-registry-sync-v0: 2.3.3+1802ada577
[15:39:53] [Render thread/INFO] - fabric-renderer-api-v1: 3.2.1+1802ada577
[15:39:53] [Render thread/INFO] - fabric-renderer-indigo: 1.5.1+1802ada577
[15:39:53] [Render thread/INFO] - fabric-renderer-registries-v1: 3.2.46+df3654b377
[15:39:53] [Render thread/INFO] - fabric-rendering-data-attachment-v1: 0.3.37+92a0d36777
[15:39:53] [Render thread/INFO] - fabric-rendering-fluids-v1: 3.0.28+1802ada577
[15:39:53] [Render thread/INFO] - fabric-rendering-v0: 1.1.49+df3654b377
[15:39:53] [Render thread/INFO] - fabric-rendering-v1: 3.0.8+1802ada577
[15:39:53] [Render thread/INFO] - fabric-resource-conditions-api-v1: 2.3.8+1802ada577
[15:39:53] [Render thread/INFO] - fabric-resource-loader-v0: 0.11.10+1802ada577
[15:39:53] [Render thread/INFO] - fabric-screen-api-v1: 2.0.8+1802ada577
[15:39:53] [Render thread/INFO] - fabric-screen-handler-api-v1: 1.3.30+1802ada577
[15:39:53] [Render thread/INFO] - fabric-sound-api-v1: 1.0.13+1802ada577
[15:39:53] [Render thread/INFO] - fabric-transfer-api-v1: 3.3.5+8dd72ea377
[15:39:53] [Render thread/INFO] - fabric-transitive-access-wideners-v1: 4.3.1+1802ada577
[15:39:53] [Render thread/INFO] - fabricloader: 0.15.7
[15:39:53] [Render thread/INFO] - fabricskyboxes: 0.7.3+mc1.20.1
[15:39:53] [Render thread/INFO] - fabrishot: 1.10.0
[15:39:53] [Render thread/INFO] - fallingleaves: 1.15.4
[15:39:53] [Render thread/INFO] - fallingtrees: 0.6-beta
[15:39:53] [Render thread/INFO] - fancymenu: 2.14.13
[15:39:53] [Render thread/INFO] - fennecfox: 1.0.0
[15:39:53] [Render thread/INFO] - ferritecore: 6.0.1
[15:39:53] [Render thread/INFO] - fiber: 0.23.0-2
[15:39:53] [Render thread/INFO] - firstperson: 2.2.4
[15:39:53] [Render thread/INFO] - fishingreal: 1.20.1-1.7.1
[15:39:53] [Render thread/INFO] - fixedanvilrepaircost: 3.2
[15:39:53] [Render thread/INFO] - fl_flaming: 1.0.3
[15:39:53] [Render thread/INFO] - flamesweeping: 1.2
[15:39:53] [Render thread/INFO] - fluidvoidfading: 1.1.4
[15:39:53] [Render thread/INFO] - fmextension_audio: 1.1.2
[15:39:53] [Render thread/INFO] - folk_sisby_kaleido-config: 0.1.1+1.1.0-beta.3
[15:39:53] [Render thread/INFO] - footprintparticle: 0.4.0-mc1.20
[15:39:53] [Render thread/INFO] - forgeconfigapiport: 8.0.0
[15:39:53] [Render thread/INFO] - froglegs: 1.1.0
[15:39:53] [Render thread/INFO] - fsb-interop: 1.3.6+mc1.20.1-build.50
[15:39:53] [Render thread/INFO] - fsit: v1.5.1-1.20
[15:39:53] [Render thread/INFO] - ftblibrary: 2001.1.5
[15:39:53] [Render thread/INFO] - ftbquests: 2001.3.5
[15:39:53] [Render thread/INFO] - ftbteams: 2001.2.0
[15:39:53] [Render thread/INFO] - ftbxmodcompat: 2.1.1
[15:39:53] [Render thread/INFO] - geckoanimfix: 1.0.0
[15:39:53] [Render thread/INFO] - geckolib: 4.4.4
[15:39:53] [Render thread/INFO] - giantspawn: 4.7
[15:39:53] [Render thread/INFO] - globalpacks: 1.16.1_fabric
[15:39:53] [Render thread/INFO] - glowing-torchflower: 1.0.0
[15:39:53] [Render thread/INFO] - guiclock: 4.3
[15:39:53] [Render thread/INFO] - guicompass: 4.3
[15:39:53] [Render thread/INFO] - hamsters: fabric-1.0.3-1.20.1
[15:39:53] [Render thread/INFO] - hardcorerevival: 12.0.0
[15:39:53] [Render thread/INFO] - herdspanic: 1.0.7
[15:39:53] [Render thread/INFO] - hidehands: 4.1
[15:39:53] [Render thread/INFO] - highlighter: 1.1.6
[15:39:53] [Render thread/INFO] - horsebuff: 2.1.2
[15:39:53] [Render thread/INFO] - horsestonks: 1.0.1
[15:39:53] [Render thread/INFO] - iceberg: 1.1.15
[15:39:53] [Render thread/INFO] - imblocker: 4.0.5
[15:39:53] [Render thread/INFO] - indium: 1.0.27+mc1.20.1
[15:39:53] [Render thread/INFO] - inmis: 2.7.2-1.20.1
[15:39:53] [Render thread/INFO] - inmisaddon: 1.0.4
[15:39:53] [Render thread/INFO] - interactic: 0.2.0+1.20
[15:39:53] [Render thread/INFO] - inventorysorter: 1.9.0-1.20
[15:39:53] [Render thread/INFO] - inventorytotem: 3.1
[15:39:53] [Render thread/INFO] - invmove: 0.8.4
[15:39:53] [Render thread/INFO] - io_github_douira_glsl-transformer: 2.0.0-pre13
[15:39:53] [Render thread/INFO] - iris: 1.6.11
[15:39:53] [Render thread/INFO] - iswydt: 1.0.4
[15:39:53] [Render thread/INFO] - itemfilters: 2001.1.0-build.53
[15:39:53] [Render thread/INFO] - java: 17
[15:39:53] [Render thread/INFO] - jei: 15.3.0.4
[15:39:53] [Render thread/INFO] - jsonem: 0.2.1+1.20
[15:39:53] [Render thread/INFO] - kaffees_dual_ride: 1.1.0
[15:39:53] [Render thread/INFO] - kambrik: 6.1.1+1.20.1
[15:39:53] [Render thread/INFO] - kawaiidishes: 1.11.1
[15:39:53] [Render thread/INFO] - keep-inventory-penalty: 2.0.1
[15:39:53] [Render thread/INFO] - keepthatmusic: 0.0.3
[15:39:53] [Render thread/INFO] - kirin: 1.15.0
[15:39:53] [Render thread/INFO] - kiwi: 11.1.1
[15:39:53] [Render thread/INFO] - kltytons_crazy_easter_egg: 1.0.0
[15:39:53] [Render thread/INFO] - konkrete: 1.8.1
[15:39:53] [Render thread/INFO] - krypton: 0.2.3
[15:39:53] [Render thread/INFO] - kyrptconfig: 1.5.6-1.20
[15:39:53] [Render thread/INFO] - lambdynlights: 2.3.2+1.20.1
[15:39:53] [Render thread/INFO] - lankeren_essential: 1.1.4a
[15:39:53] [Render thread/INFO] - lankerendagger: 1.1.2
[15:39:53] [Render thread/INFO] - lazydfu: 0.1.3
[15:39:53] [Render thread/INFO] - leahs-immersive-thunder: 1.20.1+1.2.2
[15:39:53] [Render thread/INFO] - leashmod: 1.0.5
[15:39:53] [Render thread/INFO] - leavemybarsalone: 8.0.0
[15:39:53] [Render thread/INFO] - letmedespawn: 1.2.0
[15:39:53] [Render thread/INFO] - libertyvillagers: 2.0.0+fabric+1.20.1
[15:39:53] [Render thread/INFO] - libipn: 4.0.0
[15:39:53] [Render thread/INFO] - limitlessstructure: 1.0-SNAPSHOT
[15:39:53] [Render thread/INFO] - lithium: 0.11.2
[15:39:53] [Render thread/INFO] - livingthings: 1.20.1-2.0.2
[15:39:53] [Render thread/INFO] - lkrpvp: 1.1.0
[15:39:53] [Render thread/INFO] - loadingbackgrounds: 1.1.0
[15:39:53] [Render thread/INFO] - loadingscreentips: 1.3.1
[15:39:53] [Render thread/INFO] - loadmyresources: 1.0.4
[15:39:53] [Render thread/INFO] - lunaslimes: 1.6.1-1.20
[15:39:53] [Render thread/INFO] - luphieclutteredmod: 2.1.0+1.20.1
[15:39:53] [Render thread/INFO] - maelstrom_library: 1.6.1-1.20
[15:39:53] [Render thread/INFO] - make_bubbles_pop: 0.2.0-fabric
[15:39:53] [Render thread/INFO] - malilib: 0.16.1
[15:39:53] [Render thread/INFO] - mcwpaths: 1.0.4
[15:39:53] [Render thread/INFO] - mcwwindows: 2.2.1
[15:39:53] [Render thread/INFO] - memoryusagescreen: 1.9.0
[15:39:53] [Render thread/INFO] - midnightlib: 1.4.1
[15:39:53] [Render thread/INFO] - minecraft: 1.20.1
[15:39:53] [Render thread/INFO] - minihud: 0.27.0
[15:39:53] [Render thread/INFO] - mixinextras: 0.3.5
[15:39:53] [Render thread/INFO] - mixinsquared: 0.1.1
[15:39:53] [Render thread/INFO] - mobs_attempt_parkour: 0.5.2-1.20
[15:39:53] [Render thread/INFO] - modelfix: 1.15
[15:39:53] [Render thread/INFO] - modify-camera-collision: 1.0.0
[15:39:53] [Render thread/INFO] - modmenu: 7.2.2
[15:39:53] [Render thread/INFO] - moonlight: 1.20-2.8.60
[15:39:53] [Render thread/INFO] - more_crustacean: 1.1.0
[15:39:53] [Render thread/INFO] - more_fossils: 2.0.0
[15:39:53] [Render thread/INFO] - moreculling: 1.20.4-0.24.0
[15:39:53] [Render thread/INFO] - morezombievillagers: 3.4
[15:39:53] [Render thread/INFO] - mr_camps_castles_carriages: 2.3.3
[15:39:53] [Render thread/INFO] - mr_caves__canyons: 1.2
[15:39:53] [Render thread/INFO] - mr_eugenes_wealthyplainsvillage: 1.0.1
[15:39:53] [Render thread/INFO] - mr_hero_proof: 5.1.2
[15:39:53] [Render thread/INFO] - mr_lucky_cat: 2.1.1
[15:39:53] [Render thread/INFO] - mr_parrochute: 1.1
[15:39:53] [Render thread/INFO] - mr_smelting_plus: 1.0.5
[15:39:53] [Render thread/INFO] - mr_you_bandit: 2.1
[15:39:53] [Render thread/INFO] - mru: 0.4.0+1.20
[15:39:53] [Render thread/INFO] - naturalist: 4.0.3
[15:39:53] [Render thread/INFO] - net_minecraftforge_eventbus: 6.0.3
[15:39:53] [Render thread/INFO] - net_objecthunter_exp4j: 0.4.8
[15:39:53] [Render thread/INFO] - netherportalspread: 7.6
[15:39:53] [Render thread/INFO] - neutral_animals: 1.2.4
[15:39:53] [Render thread/INFO] - nightlights: 1.1
[15:39:53] [Render thread/INFO] - nnvf: 0.1.3_1.20
[15:39:53] [Render thread/INFO] - no-resource-pack-warnings: 1.3.0
[15:39:53] [Render thread/INFO] - no_sneaking_over_magma: 1.0.18
[15:39:53] [Render thread/INFO] - noexpensive: 1.20.1-1.9.0
[15:39:53] [Render thread/INFO] - nohostilesaroundcampfire: 5.7
[15:39:53] [Render thread/INFO] - nyfsspiders: 2.1.1
[15:39:53] [Render thread/INFO] - omega-config: 1.2.3-1.18.1
[15:39:53] [Render thread/INFO] - org_anarres_jcpp: 1.4.14
[15:39:53] [Render thread/INFO] - org_antlr_antlr4-runtime: 4.11.1
[15:39:53] [Render thread/INFO] - org_apache_httpcomponents_httpmime: 4.5.10
[15:39:53] [Render thread/INFO] - org_javassist_javassist: 3.29.2-GA
[15:39:53] [Render thread/INFO] - org_jetbrains_kotlin_kotlin-reflect: 1.9.20
[15:39:53] [Render thread/INFO] - org_jetbrains_kotlin_kotlin-stdlib: 1.9.20
[15:39:53] [Render thread/INFO] - org_jetbrains_kotlin_kotlin-stdlib-jdk7: 1.9.20
[15:39:53] [Render thread/INFO] - org_jetbrains_kotlin_kotlin-stdlib-jdk8: 1.9.20
[15:39:53] [Render thread/INFO] - org_jetbrains_kotlinx_atomicfu-jvm: 0.22.0
[15:39:53] [Render thread/INFO] - org_jetbrains_kotlinx_kotlinx-coroutines-core-jvm: 1.7.3
[15:39:53] [Render thread/INFO] - org_jetbrains_kotlinx_kotlinx-coroutines-jdk8: 1.7.3
[15:39:53] [Render thread/INFO] - org_jetbrains_kotlinx_kotlinx-datetime-jvm: 0.4.1
[15:39:53] [Render thread/INFO] - org_jetbrains_kotlinx_kotlinx-serialization-cbor-jvm: 1.6.0
[15:39:53] [Render thread/INFO] - org_jetbrains_kotlinx_kotlinx-serialization-core-jvm: 1.6.0
[15:39:53] [Render thread/INFO] - org_jetbrains_kotlinx_kotlinx-serialization-json-jvm: 1.6.0
[15:39:53] [Render thread/INFO] - org_quiltmc_parsers_gson: 0.2.1
[15:39:53] [Render thread/INFO] - org_quiltmc_parsers_json: 0.2.1
[15:39:53] [Render thread/INFO] - org_reflections_reflections: 0.10.2
[15:39:53] [Render thread/INFO] - overworldpiglins: 1.1
[15:39:53] [Render thread/INFO] - owo: 0.11.2+1.20
[15:39:53] [Render thread/INFO] - packet_tweaker: 0.4.0+1.19.4
[15:39:53] [Render thread/INFO] - particletweaks: 1.1.3-Fabric+1.20.1-unstable
[15:39:53] [Render thread/INFO] - passiveshield: 3.3
[15:39:53] [Render thread/INFO] - patchouli: 1.20.1-81-FABRIC
[15:39:53] [Render thread/INFO] - pigs_have_litters: 1.0.1
[15:39:53] [Render thread/INFO] - playdate: 2.0.0
[15:39:53] [Render thread/INFO] - player-animator: 1.0.2-rc1+1.20
[15:39:53] [Render thread/INFO] - presencefootsteps: 1.9.0
[15:39:53] [Render thread/INFO] - pride: 1.2.0+1.19.4
[15:39:53] [Render thread/INFO] - promenade: 4.1.1
[15:39:53] [Render thread/INFO] - puzzlesaccessapi: 8.0.7
[15:39:53] [Render thread/INFO] - puzzleslib: 8.1.18
[15:39:53] [Render thread/INFO] - quicksand: 1.3.0
[15:39:53] [Render thread/INFO] - ramel: 0.1.1+mc1.20.2
[15:39:53] [Render thread/INFO] - reach-entity-attributes: 2.4.0
[15:39:53] [Render thread/INFO] - reacharound: 1.1.2
[15:39:53] [Render thread/INFO] - reeses-sodium-options: 1.6.5+mc1.20.1-build.95
[15:39:53] [Render thread/INFO] - replaymod: 1.20.1-2.6.13
[15:39:53] [Render thread/INFO] - resourcefullib: 2.1.1
[15:39:53] [Render thread/INFO] - rocks: 1.7.1
[15:39:53] [Render thread/INFO] - roughlyenoughitems: 12.1.718
[15:39:53] [Render thread/INFO] - screenshotclipboard: 1.0.9
[15:39:53] [Render thread/INFO] - server_translations_api: 2.0.0+1.20
[15:39:53] [Render thread/INFO] - shouldersurfing: 2.7
[15:39:53] [Render thread/INFO] - sihywtcamd: 1.7.5+1.20.1
[15:39:53] [Render thread/INFO] - skeletonhorsespawn: 3.7
[15:39:53] [Render thread/INFO] - skinlayers: 1.5.4-mc1.20.1
[15:39:53] [Render thread/INFO] - skiptransitions: 1.3.3+mc1.20
[15:39:53] [Render thread/INFO] - sleeprework: beta-1.20.1-1.1.0
[15:39:53] [Render thread/INFO] - smoothparticles: 1.2.0-1.21
[15:39:53] [Render thread/INFO] - snowrealmagic: 9.0.3
[15:39:53] [Render thread/INFO] - sodium: 0.5.3
[15:39:53] [Render thread/INFO] - sodium-extra: 0.5.1+mc1.20.1-build.112
[15:39:53] [Render thread/INFO] - sonance: 0.3.0+1.20.1
[15:39:53] [Render thread/INFO] - soulfired: 3.2.0.1-final
[15:39:53] [Render thread/INFO] - sound_physics_remastered: 1.20.1-1.2.1
[15:39:53] [Render thread/INFO] - spectrelib: 0.13.15+1.20.1
[15:39:53] [Render thread/INFO] - spidersproducewebs: 3.2
[15:39:53] [Render thread/INFO] - spoiled: 2.0.4
[15:39:53] [Render thread/INFO] - spruceui: 5.0.0+1.20
[15:39:53] [Render thread/INFO] - spyglass-improvements: 1.4+mc1.20+fabric
[15:39:53] [Render thread/INFO] - stewing_and_baking: 1.1
[15:39:53] [Render thread/INFO] - strongersnowballs: 13.0.2
[15:39:53] [Render thread/INFO] - superflatworldnoslimes: 3.2
[15:39:53] [Render thread/INFO] - t_and_t: 1.11.1
[15:39:53] [Render thread/INFO] - table_top_craft: 1.20-5.0.1
[15:39:53] [Render thread/INFO] - taxfreelevels: 1.3.6
[15:39:53] [Render thread/INFO] - team_reborn_energy: 3.0.0
[15:39:53] [Render thread/INFO] - telepistons: 1.1.3
[15:39:53] [Render thread/INFO] - terraform-shapes-api-v1: 7.0.1
[15:39:53] [Render thread/INFO] - terraform-surfaces-api-v1: 7.0.1
[15:39:53] [Render thread/INFO] - terraform-wood-api-v1: 7.0.1
[15:39:53] [Render thread/INFO] - third_person_maps: 1.5.1
[15:39:53] [Render thread/INFO] - tlskincape: 1.32
[15:39:53] [Render thread/INFO] - tnt_equivalent: 1.0
[15:39:53] [Render thread/INFO] - toolstats: 16.0.4
[15:39:53] [Render thread/INFO] - torchhit: 6.0.2.0
[15:39:53] [Render thread/INFO] - travelerstitles: 1.20-Fabric-4.0.1
[15:39:53] [Render thread/INFO] - trinkets: 3.7.1
[15:39:53] [Render thread/INFO] - unloadedactivity: v0.5.0
[15:39:53] [Render thread/INFO] - visuality: 0.7.1+1.20
[15:39:53] [Render thread/INFO] - visualoverhaul: 5.0.1
[15:39:53] [Render thread/INFO] - voicechat: 1.20.1-2.5.11
[15:39:53] [Render thread/INFO] - wakes: 0.2.0
[15:39:53] [Render thread/INFO] - warriorrage: 1.20.1-fabric-1.0.0
[15:39:53] [Render thread/INFO] - waterdripsound: 1.19-0.3.2
[15:39:53] [Render thread/INFO] - waveycapes: 1.3.2
[15:39:53] [Render thread/INFO] - weakerspiderwebs: 3.3
[15:39:53] [Render thread/INFO] - weaponmaster: 3.0.5
[15:39:53] [Render thread/INFO] - whatthebucket: 11.0.3
[15:39:53] [Render thread/INFO] - wildlife: 1.19.2-2.2
[15:39:53] [Render thread/INFO] - wither-skeleton-propagation: 1.0.1
[15:39:53] [Render thread/INFO] - wunderlib: 1.1.5
[15:39:53] [Render thread/INFO] - xercapaint: fabric-1.20.1-1.0.0
[15:39:53] [Render thread/INFO] - yaclx: 1.8+1.20
[15:39:53] [Render thread/INFO] - ydms_redpanda: 1.0.4
[15:39:53] [Render thread/INFO] - yet_another_config_lib_v3: 3.2.1+1.20
[15:39:53] [Render thread/INFO] - youthief: 1.4.0
[15:39:53] [Render thread/INFO] - yungsapi: 1.20-Fabric-4.0.2
[15:39:53] [Render thread/INFO] - yuushya: 2.1.1
[15:39:53] [Render thread/INFO] - zombiehorsespawn: 4.7
[15:39:53] [Render thread/INFO] ========================================
[15:39:53] [Render thread/DEBUG] [REI] Added filtering rule [roughlyenoughitems:search]: INSTANCE
[15:39:53] [Render thread/DEBUG] [REI] Added filtering rule [roughlyenoughitems:manual]: INSTANCE
[15:39:53] [Render thread/DEBUG] [REI] Added filtering rule [roughlyenoughitems:basic]: INSTANCE
[15:39:53] [Render thread/INFO] [REI] Config loaded
[15:39:53] [Render thread/DEBUG] [REI] Config saved
[15:39:53] [Render thread/DEBUG] [REI] Config saved
[15:39:53] [Render thread/DEBUG] [REI] Config saved
[15:39:53] [Render thread/INFO] [REI] Registered plugin provider DefaultPlugin [roughlyenoughitems] for REIPlugin
[15:39:53] [Render thread/INFO] [REI] Registered plugin provider DefaultRuntimePlugin [roughlyenoughitems] for REIPlugin
[15:39:53] [Render thread/INFO] [REI] Registered plugin provider REITooltipPlugin [appleskin] for REIPlugin
[15:39:53] [Render thread/INFO] [REI] Registered plugin provider BeachpartyREIClientPluginFabric [beachparty] for REIPlugin
[15:39:53] [Render thread/INFO] [REI] Registered plugin provider REIPlugin [betterend] for REIPlugin
[15:39:53] [Render thread/INFO] [REI] Registered plugin provider CandlelightReiClientPluginFabric [candlelight] for REIPlugin
[15:39:53] [Render thread/INFO] [REI] Registered plugin provider REIIntegration [ftblibrary] for REIPlugin
[15:39:53] [Render thread/INFO] [REI] Registered plugin provider FTBQuestsREIIntegration [ftbxmodcompat] for REIPlugin
[15:39:53] [Render thread/INFO] [REI] Registered plugin provider OwoReiPlugin [owo] for REIPlugin
[15:39:53] [Render thread/INFO] [REI] Registered plugin provider ReiPlugin [playdate] for REIPlugin
[15:39:53] [Render thread/INFO] [REI] Registered plugin provider DefaultClientPlugin [roughlyenoughitems] for REIPlugin
[15:39:53] [Render thread/INFO] [REI] Registered plugin provider DefaultClientRuntimePlugin [roughlyenoughitems] for REIPlugin
[15:39:53] [Render thread/DEBUG] [REI] Added filtering rule [roughlyenoughitems:hidden_from_recipe_viewers]: INSTANCE
[15:39:53] [Render thread/INFO] [REI] Registered plugin provider HideIngredientsFromTagsPlugin [roughlyenoughitems] for REIPlugin
[15:39:53] [Render thread/INFO] [REI] Registered plugin provider DefaultPlugin [roughlyenoughitems] for REIServerPlugin
[15:39:53] [Render thread/INFO] [REI] Registered plugin provider DefaultRuntimePlugin [roughlyenoughitems] for REIServerPlugin
[15:39:53] [Render thread/INFO] [REI] Registered plugin provider FabricFluidAPISupportPlugin for REIServerPlugin
[15:39:53] [Render thread/INFO] [REI] Registered plugin provider FabricFluidAPISupportPlugin for REIPlugin
[15:39:59] [Render thread/INFO] [REI] Registered plugin provider REITooltipPlugin [appleskin] for REIClientPlugin
[15:39:59] [Render thread/INFO] [REI] Registered plugin provider BeachpartyREIClientPluginFabric [beachparty] for REIClientPlugin
[15:39:59] [Render thread/INFO] [REI] Registered plugin provider REIPlugin [betterend] for REIClientPlugin
[15:39:59] [Render thread/INFO] [REI] Registered plugin provider CandlelightReiClientPluginFabric [candlelight] for REIClientPlugin
[15:39:59] [Render thread/INFO] [REI] Registered plugin provider REIIntegration [ftblibrary] for REIClientPlugin
[15:39:59] [Render thread/INFO] [REI] Registered plugin provider FTBQuestsREIIntegration [ftbxmodcompat] for REIClientPlugin
[15:39:59] [Render thread/INFO] [REI] Registered plugin provider OwoReiPlugin [owo] for REIClientPlugin
[15:39:59] [Render thread/INFO] [REI] Registered plugin provider ReiPlugin [playdate] for REIClientPlugin
[15:39:59] [Render thread/INFO] [REI] Registered plugin provider DefaultClientPlugin [roughlyenoughitems] for REIClientPlugin
[15:39:59] [Render thread/INFO] [REI] Registered plugin provider DefaultClientRuntimePlugin [roughlyenoughitems] for REIClientPlugin
[15:39:59] [Render thread/INFO] [REI] Registered plugin provider HideIngredientsFromTagsPlugin [roughlyenoughitems] for REIClientPlugin
