
-------------------------------------------------------------------
[Downloader2] Loaded configuration: normal
[Downloader2] Files in queue 16
[Downloader2] Starting download 16 files...
[D#2] >  http://res.tlauncher.org/b/libraries/javax/inject/javax.inject/1/javax.inject-1.jar 
[D#1] >  http://res.tlauncher.org/b/libraries/com/google/inject/guice/4.1.0/guice-4.1.0.jar 
[D#2] >  http://res.tlauncher.org/b/libraries/aopalliance/aopalliance/1.0/aopalliance-1.0.jar 
[D#1] >  http://res.tlauncher.org/b/libraries/com/google/inject/extentions/guice-assistedinject/4.1.0/guice-assistedinject-4.1.0.jar 
[D#2] >  http://res.tlauncher.org/b/libraries/log4j/log4j/1.2.17/log4j-1.2.17.jar 
[D#1] >  http://res.tlauncher.org/b/libraries/com/google/guava/guava/19.0/guava-19.0.jar 
[D#2] >  http://res.tlauncher.org/b/libraries/org/tukaani/xz/1.5/xz-1.5.jar 
[D#1] >  http://res.tlauncher.org/b/libraries/org/apache/commons/commons-lang3/3.4/commons-lang3-3.4.jar 
[D#2] >  http://res.tlauncher.org/b/libraries/org/tlauncher/picture-bundle/3.5/picture-bundle-3.5.jar 
[D#1] >  http://res.tlauncher.org/b/libraries/net/sf/jopt-simple/jopt-simple/4.9/jopt-simple-4.9.jar 
[D#2] >  http://res.tlauncher.org/b/libraries/dnsjava/dnsjava/2.1.8/dnsjava-2.1.8.jar 
[D#1] >  http://res.tlauncher.org/b/libraries/org/tlauncher/skin-server-API/1.0/skin-server-API-1.0.jar 
[D#2] >  http://res.tlauncher.org/b/libraries/org/apache/httpcomponents/fluent-hc/4.5.13/fluent-hc-4.5.13.jar 
[D#1] >  http://res.tlauncher.org/b/libraries/org/tlauncher/tlauncher-resource/1.4/tlauncher-resource-1.4.jar 
[D#2] >  http://res.tlauncher.org/b/libraries/org/apache/logging/log4j/log4j-core/2.14.1/log4j-core-2.14.1.jar 
[D#1] >  http://res.tlauncher.org/b/libraries/com/github/junrar/junrar/0.7/junrar-0.7.jar 
[Bootstrapper] createLauncher
[Bootstrapper] choose jvm:C:\Users\nahue\AppData\Roaming\.tlauncher\jvms\jre1.8.0_281\bin\javaw.exe
[Bootstrapper] validate files
[Bootstrapper] end validated files
[Bootstrapper] Starting launcher...
[Double running] clear time label
> Loading configuration from file: C:\Users\nahue\AppData\Roaming\.tlauncher\tlauncher-2.0.properties
> [Configuration] Constant values: {}
> [Loading] INITIALIZING
> Starting TLauncher 2.871 RELEASE
> For more information, visit https://tlauncher.org/
> Startup time: 10/08/2023 03:28:40
> Running folder C:\Users\nahue\AppData\Roaming\.minecraft2
> ---
> [Loading] LOADING_CONFIGURATION
> Machine info: -------------------------------------------------------
> Windows 10 10.0, Java 1.8.0_281, jvm bit x64, 24402 MB RAM
> java path=C:\Users\nahue\AppData\Roaming\.tlauncher\jvms\jre1.8.0_281\bin\javaw.exe
> Intel(R) Core(TM) i5-10600K CPU @ 4.10GHz
>  NVIDIA GeForce RTX 2060, NVIDIA GeForce RTX 2060, 18169 MB, Intel(R) UHD Graphics 630, Intel(R) UHD Graphics Family, 12329 MB
> -------------------------------------------------------
> Selected locale: es_ES
> [Loading] LOADING_CONSOLE
> [Downloader2] Loaded configuration: good
> [Updater] Requesting an update...
> [Updater] Requesting from: https://repo.tlauncher.org/update/lch/update_2.0.json
> [Updater] Making request: https://repo.tlauncher.org/update/lch/update_2.0.json?version=2.871&client=b48ab396-853e-4ed1-bd9d-7c22ac597ae9
> [Browser] Loading resources...
> [Updater] Request time: 126 ms
> [Updater] Successfully requested from: https://repo.tlauncher.org/update/lch/update_2.0.json
> [Browser] Loading background...
> [Browser] Cleaning up after loading:
> Starting garbage collector: 96 / 287 MB
> Garbage collector completed: 20 / 287 MB
> [Loading] LOADING_MANAGERS
> [LocalVersionList] Base directory: C:\Users\nahue\AppData\Roaming\.minecraft
> [ProfileManager] Refreshing profiles from: C:\Users\nahue\AppData\Roaming\.minecraft\TlauncherProfiles.json
> file not exist TlauncherProfiles.json
> [JFXStartPageLoader]  start load page: https://page.tlauncher.org/update/downloads/configs/client/index_es.htm
> [AdvertisingStatusObserver]  started to get ad information
> [AdvertisingStatusObserver]  finished to get add information
> save profiles
> [GsonUtil]  request to https://repo.tlauncher.org/update/downloads/libraries/org/tlauncher/authlib/libraries-1.7.json
> [Browser] Running in JavaFX Thread
> [Browser] Preparing JavaFX...
> [Loading] LOADING_WINDOW
> [Swing] Favicons loaded: 256px, 128px, 96px, 64px, 48px, 32px, 24px, 16px
> [Loading] PREPARING_MAINPANE
> [Browser] Initializing...
> [JFXStartPageLoader]  succeeded load page: https://page.tlauncher.org/update/downloads/configs/client/index_es.htm during 0
> [Browser@1377855530] Loaded successfully: "https://page.tlauncher.org/update/downloads/configs/client/index_es.htm"
> [Browser] add listens into server_choose
> [Browser] finished listens into server_choose
> [REPO][SERVER_LIST_REPO] Success: Reached the repo in 544 ms.
> [Downloader2] Loaded configuration: good
> [Loading] POSTINIT_GUI
> [Frame] Packing main frame...
> [Frame] Resizing main pane...
> Updater is already closed. Showing up...
> Visibility set.
> [Loading] REFRESHING_INFO
> [VersionManager] Refreshing versions remotely...
> [REPO][EXTRA_VERSION_REPO] Attempt #1; timeout: 30000 ms; url: https://repo.tlauncher.org/update/downloads/versions/new4/
> Started! (4082 ms.)
> [Loading] SUCCESS
[Bootstrapper] I can be terminated now: 0
